GowinSynthesis start
Running parser ...
Analyzing Verilog file 'C:\Users\jbmav\Documents\FPGA\RGB_screen\src\gowin_rpll\gowin_rpll.v'
Analyzing Verilog file 'C:\Users\jbmav\Documents\FPGA\RGB_screen\src\screen.v'
Analyzing Verilog file 'C:\Users\jbmav\Documents\FPGA\RGB_screen\src\main.v'
Compiling module 'TOP'("C:\Users\jbmav\Documents\FPGA\RGB_screen\src\main.v":1)
Compiling module 'Gowin_rPLL'("C:\Users\jbmav\Documents\FPGA\RGB_screen\src\gowin_rpll\gowin_rpll.v":10)
Compiling module 'VGAMod'("C:\Users\jbmav\Documents\FPGA\RGB_screen\src\screen.v":1)
NOTE  (EX0101) : Current top module is "TOP"
[5%] Running netlist conversion ...
Running device independent optimization ...
[10%] Optimizing Phase 0 completed
[15%] Optimizing Phase 1 completed
[25%] Optimizing Phase 2 completed
Running inference ...
[30%] Inferring Phase 0 completed
[40%] Inferring Phase 1 completed
[50%] Inferring Phase 2 completed
[55%] Inferring Phase 3 completed
Running technical mapping ...
[60%] Tech-Mapping Phase 0 completed
[65%] Tech-Mapping Phase 1 completed
[75%] Tech-Mapping Phase 2 completed
[80%] Tech-Mapping Phase 3 completed
[90%] Tech-Mapping Phase 4 completed
[95%] Generate netlist file "C:\Users\jbmav\Documents\FPGA\RGB_screen\impl\gwsynthesis\RGB_screen.vg" completed
[100%] Generate report file "C:\Users\jbmav\Documents\FPGA\RGB_screen\impl\gwsynthesis\RGB_screen_syn.rpt.html" completed
GowinSynthesis finish
